<?xml version="1.0" encoding="UTF-8"?>
<!-- Generated by org.testng.reporters.JUnitXMLReporter -->
<testsuite hostname="itsdeepsMacBook.default" name="Default test" tests="4" failures="0" timestamp="24 Feb 2016 14:02:00 GMT" time="36.206" errors="0">
  <testcase name="loginToGuruBank" time="11.391" classname="Guru99Bank.Guru99BankTest"/>
  <testcase name="loginToGuruBank" time="7.438" classname="Guru99Bank.Guru99BankTest"/>
  <testcase name="loginToGuruBank" time="7.598" classname="Guru99Bank.Guru99BankTest"/>
  <testcase name="loginToGuruBank" time="7.359" classname="Guru99Bank.Guru99BankTest"/>
</testsuite> <!-- Default test -->
